[32m2026-01-16 18:43:57 -0700[0m - dagster - [34mDEBUG[0m - caiso_full_sweep_job - fdf90295-c759-4c0c-b12a-71dc72ea531e - 100339 - LOGS_CAPTURED - Started capturing logs in process (pid: 100339).
[32m2026-01-16 18:43:57 -0700[0m - dagster - [34mDEBUG[0m - caiso_full_sweep_job - fdf90295-c759-4c0c-b12a-71dc72ea531e - 100339 - report_daily - STEP_START - Started execution of step "report_daily".
[32m2026-01-16 18:43:57 -0700[0m - dagster - [34mDEBUG[0m - caiso_full_sweep_job - fdf90295-c759-4c0c-b12a-71dc72ea531e - report_daily - Loading file from: /home/birajdar/Downloads/Nira-Energy/nira-project/iso-onboarding-toolkit/.tmp_dagster_home_r5cweh1d/storage/fdf90295-c759-4c0c-b12a-71dc72ea531e/load_config_daily/result using PickledObjectFilesystemIOManager...
[32m2026-01-16 18:43:57 -0700[0m - dagster - [34mDEBUG[0m - caiso_full_sweep_job - fdf90295-c759-4c0c-b12a-71dc72ea531e - 100339 - report_daily - LOADED_INPUT - Loaded input "cfg" using input manager "io_manager", from output "result" of step "load_config_daily"
[32m2026-01-16 18:43:57 -0700[0m - dagster - [34mDEBUG[0m - caiso_full_sweep_job - fdf90295-c759-4c0c-b12a-71dc72ea531e - report_daily - Loading file from: /home/birajdar/Downloads/Nira-Energy/nira-project/iso-onboarding-toolkit/.tmp_dagster_home_r5cweh1d/storage/fdf90295-c759-4c0c-b12a-71dc72ea531e/aggregate_issues_daily/result using PickledObjectFilesystemIOManager...
[32m2026-01-16 18:43:57 -0700[0m - dagster - [34mDEBUG[0m - caiso_full_sweep_job - fdf90295-c759-4c0c-b12a-71dc72ea531e - 100339 - report_daily - LOADED_INPUT - Loaded input "issues" using input manager "io_manager", from output "result" of step "aggregate_issues_daily"
[32m2026-01-16 18:43:57 -0700[0m - dagster - [34mDEBUG[0m - caiso_full_sweep_job - fdf90295-c759-4c0c-b12a-71dc72ea531e - report_daily - Loading file from: /home/birajdar/Downloads/Nira-Energy/nira-project/iso-onboarding-toolkit/.tmp_dagster_home_r5cweh1d/storage/fdf90295-c759-4c0c-b12a-71dc72ea531e/build_metrics_daily/result using PickledObjectFilesystemIOManager...
[32m2026-01-16 18:43:57 -0700[0m - dagster - [34mDEBUG[0m - caiso_full_sweep_job - fdf90295-c759-4c0c-b12a-71dc72ea531e - 100339 - report_daily - LOADED_INPUT - Loaded input "metrics" using input manager "io_manager", from output "result" of step "build_metrics_daily"
[32m2026-01-16 18:43:57 -0700[0m - dagster - [34mDEBUG[0m - caiso_full_sweep_job - fdf90295-c759-4c0c-b12a-71dc72ea531e - report_daily - Loading file from: /home/birajdar/Downloads/Nira-Energy/nira-project/iso-onboarding-toolkit/.tmp_dagster_home_r5cweh1d/storage/fdf90295-c759-4c0c-b12a-71dc72ea531e/trust_daily/result using PickledObjectFilesystemIOManager...
[32m2026-01-16 18:43:57 -0700[0m - dagster - [34mDEBUG[0m - caiso_full_sweep_job - fdf90295-c759-4c0c-b12a-71dc72ea531e - 100339 - report_daily - LOADED_INPUT - Loaded input "trust" using input manager "io_manager", from output "result" of step "trust_daily"
[32m2026-01-16 18:43:57 -0700[0m - dagster - [34mDEBUG[0m - caiso_full_sweep_job - fdf90295-c759-4c0c-b12a-71dc72ea531e - report_daily - Loading file from: /home/birajdar/Downloads/Nira-Energy/nira-project/iso-onboarding-toolkit/.tmp_dagster_home_r5cweh1d/storage/fdf90295-c759-4c0c-b12a-71dc72ea531e/resolve_inputs_daily/result using PickledObjectFilesystemIOManager...
[32m2026-01-16 18:43:57 -0700[0m - dagster - [34mDEBUG[0m - caiso_full_sweep_job - fdf90295-c759-4c0c-b12a-71dc72ea531e - 100339 - report_daily - LOADED_INPUT - Loaded input "input_files" using input manager "io_manager", from output "result" of step "resolve_inputs_daily"
[32m2026-01-16 18:43:57 -0700[0m - dagster - [34mDEBUG[0m - caiso_full_sweep_job - fdf90295-c759-4c0c-b12a-71dc72ea531e - 100339 - report_daily - STEP_INPUT - Got input "cfg" of type "Any". (Type check passed).
[32m2026-01-16 18:43:57 -0700[0m - dagster - [34mDEBUG[0m - caiso_full_sweep_job - fdf90295-c759-4c0c-b12a-71dc72ea531e - 100339 - report_daily - STEP_INPUT - Got input "issues" of type "Any". (Type check passed).
[32m2026-01-16 18:43:57 -0700[0m - dagster - [34mDEBUG[0m - caiso_full_sweep_job - fdf90295-c759-4c0c-b12a-71dc72ea531e - 100339 - report_daily - STEP_INPUT - Got input "metrics" of type "Any". (Type check passed).
[32m2026-01-16 18:43:57 -0700[0m - dagster - [34mDEBUG[0m - caiso_full_sweep_job - fdf90295-c759-4c0c-b12a-71dc72ea531e - 100339 - report_daily - STEP_INPUT - Got input "trust" of type "Any". (Type check passed).
[32m2026-01-16 18:43:57 -0700[0m - dagster - [34mDEBUG[0m - caiso_full_sweep_job - fdf90295-c759-4c0c-b12a-71dc72ea531e - 100339 - report_daily - STEP_INPUT - Got input "input_files" of type "Any". (Type check passed).
[32m2026-01-16 18:43:57 -0700[0m - dagster - [34mDEBUG[0m - caiso_full_sweep_job - fdf90295-c759-4c0c-b12a-71dc72ea531e - 100339 - report_daily - STEP_OUTPUT - Yielded output "result" of type "Any". (Type check passed).
[32m2026-01-16 18:43:57 -0700[0m - dagster - [34mDEBUG[0m - caiso_full_sweep_job - fdf90295-c759-4c0c-b12a-71dc72ea531e - report_daily - Writing file at: /home/birajdar/Downloads/Nira-Energy/nira-project/iso-onboarding-toolkit/.tmp_dagster_home_r5cweh1d/storage/fdf90295-c759-4c0c-b12a-71dc72ea531e/report_daily/result using PickledObjectFilesystemIOManager...
[32m2026-01-16 18:43:57 -0700[0m - dagster - [34mDEBUG[0m - caiso_full_sweep_job - fdf90295-c759-4c0c-b12a-71dc72ea531e - 100339 - report_daily - HANDLED_OUTPUT - Handled output "result" using IO manager "io_manager"
[32m2026-01-16 18:43:57 -0700[0m - dagster - [34mDEBUG[0m - caiso_full_sweep_job - fdf90295-c759-4c0c-b12a-71dc72ea531e - 100339 - report_daily - STEP_SUCCESS - Finished execution of step "report_daily" in 505ms.
