[32m2026-01-16 18:43:48 -0700[0m - dagster - [34mDEBUG[0m - caiso_full_sweep_job - fdf90295-c759-4c0c-b12a-71dc72ea531e - 99562 - LOGS_CAPTURED - Started capturing logs in process (pid: 99562).
[32m2026-01-16 18:43:48 -0700[0m - dagster - [34mDEBUG[0m - caiso_full_sweep_job - fdf90295-c759-4c0c-b12a-71dc72ea531e - 99562 - build_metrics_daily - STEP_START - Started execution of step "build_metrics_daily".
[32m2026-01-16 18:43:48 -0700[0m - dagster - [34mDEBUG[0m - caiso_full_sweep_job - fdf90295-c759-4c0c-b12a-71dc72ea531e - build_metrics_daily - Loading file from: /home/birajdar/Downloads/Nira-Energy/nira-project/iso-onboarding-toolkit/.tmp_dagster_home_r5cweh1d/storage/fdf90295-c759-4c0c-b12a-71dc72ea531e/normalize_daily/normalized using PickledObjectFilesystemIOManager...
[32m2026-01-16 18:43:48 -0700[0m - dagster - [34mDEBUG[0m - caiso_full_sweep_job - fdf90295-c759-4c0c-b12a-71dc72ea531e - 99562 - build_metrics_daily - LOADED_INPUT - Loaded input "normalized" using input manager "io_manager", from output "normalized" of step "normalize_daily"
[32m2026-01-16 18:43:48 -0700[0m - dagster - [34mDEBUG[0m - caiso_full_sweep_job - fdf90295-c759-4c0c-b12a-71dc72ea531e - build_metrics_daily - Loading file from: /home/birajdar/Downloads/Nira-Energy/nira-project/iso-onboarding-toolkit/.tmp_dagster_home_r5cweh1d/storage/fdf90295-c759-4c0c-b12a-71dc72ea531e/normalize_daily/day_info using PickledObjectFilesystemIOManager...
[32m2026-01-16 18:43:48 -0700[0m - dagster - [34mDEBUG[0m - caiso_full_sweep_job - fdf90295-c759-4c0c-b12a-71dc72ea531e - 99562 - build_metrics_daily - LOADED_INPUT - Loaded input "day_info" using input manager "io_manager", from output "day_info" of step "normalize_daily"
[32m2026-01-16 18:43:48 -0700[0m - dagster - [34mDEBUG[0m - caiso_full_sweep_job - fdf90295-c759-4c0c-b12a-71dc72ea531e - build_metrics_daily - Loading file from: /home/birajdar/Downloads/Nira-Energy/nira-project/iso-onboarding-toolkit/.tmp_dagster_home_r5cweh1d/storage/fdf90295-c759-4c0c-b12a-71dc72ea531e/completeness_daily/metrics using PickledObjectFilesystemIOManager...
[32m2026-01-16 18:43:48 -0700[0m - dagster - [34mDEBUG[0m - caiso_full_sweep_job - fdf90295-c759-4c0c-b12a-71dc72ea531e - 99562 - build_metrics_daily - LOADED_INPUT - Loaded input "completeness_metrics" using input manager "io_manager", from output "metrics" of step "completeness_daily"
[32m2026-01-16 18:43:48 -0700[0m - dagster - [34mDEBUG[0m - caiso_full_sweep_job - fdf90295-c759-4c0c-b12a-71dc72ea531e - build_metrics_daily - Loading file from: /home/birajdar/Downloads/Nira-Energy/nira-project/iso-onboarding-toolkit/.tmp_dagster_home_r5cweh1d/storage/fdf90295-c759-4c0c-b12a-71dc72ea531e/consistency_daily/metrics using PickledObjectFilesystemIOManager...
[32m2026-01-16 18:43:48 -0700[0m - dagster - [34mDEBUG[0m - caiso_full_sweep_job - fdf90295-c759-4c0c-b12a-71dc72ea531e - 99562 - build_metrics_daily - LOADED_INPUT - Loaded input "consistency_metrics" using input manager "io_manager", from output "metrics" of step "consistency_daily"
[32m2026-01-16 18:43:48 -0700[0m - dagster - [34mDEBUG[0m - caiso_full_sweep_job - fdf90295-c759-4c0c-b12a-71dc72ea531e - build_metrics_daily - Loading file from: /home/birajdar/Downloads/Nira-Energy/nira-project/iso-onboarding-toolkit/.tmp_dagster_home_r5cweh1d/storage/fdf90295-c759-4c0c-b12a-71dc72ea531e/sanity_daily/metrics using PickledObjectFilesystemIOManager...
[32m2026-01-16 18:43:48 -0700[0m - dagster - [34mDEBUG[0m - caiso_full_sweep_job - fdf90295-c759-4c0c-b12a-71dc72ea531e - 99562 - build_metrics_daily - LOADED_INPUT - Loaded input "sanity_metrics" using input manager "io_manager", from output "metrics" of step "sanity_daily"
[32m2026-01-16 18:43:49 -0700[0m - dagster - [34mDEBUG[0m - caiso_full_sweep_job - fdf90295-c759-4c0c-b12a-71dc72ea531e - 99562 - build_metrics_daily - STEP_INPUT - Got input "normalized" of type "Any". (Type check passed).
[32m2026-01-16 18:43:49 -0700[0m - dagster - [34mDEBUG[0m - caiso_full_sweep_job - fdf90295-c759-4c0c-b12a-71dc72ea531e - 99562 - build_metrics_daily - STEP_INPUT - Got input "day_info" of type "Any". (Type check passed).
[32m2026-01-16 18:43:49 -0700[0m - dagster - [34mDEBUG[0m - caiso_full_sweep_job - fdf90295-c759-4c0c-b12a-71dc72ea531e - 99562 - build_metrics_daily - STEP_INPUT - Got input "completeness_metrics" of type "Any". (Type check passed).
[32m2026-01-16 18:43:49 -0700[0m - dagster - [34mDEBUG[0m - caiso_full_sweep_job - fdf90295-c759-4c0c-b12a-71dc72ea531e - 99562 - build_metrics_daily - STEP_INPUT - Got input "consistency_metrics" of type "Any". (Type check passed).
[32m2026-01-16 18:43:49 -0700[0m - dagster - [34mDEBUG[0m - caiso_full_sweep_job - fdf90295-c759-4c0c-b12a-71dc72ea531e - 99562 - build_metrics_daily - STEP_INPUT - Got input "sanity_metrics" of type "Any". (Type check passed).
[32m2026-01-16 18:43:49 -0700[0m - dagster - [34mDEBUG[0m - caiso_full_sweep_job - fdf90295-c759-4c0c-b12a-71dc72ea531e - 99562 - build_metrics_daily - STEP_OUTPUT - Yielded output "result" of type "Any". (Type check passed).
[32m2026-01-16 18:43:49 -0700[0m - dagster - [34mDEBUG[0m - caiso_full_sweep_job - fdf90295-c759-4c0c-b12a-71dc72ea531e - build_metrics_daily - Writing file at: /home/birajdar/Downloads/Nira-Energy/nira-project/iso-onboarding-toolkit/.tmp_dagster_home_r5cweh1d/storage/fdf90295-c759-4c0c-b12a-71dc72ea531e/build_metrics_daily/result using PickledObjectFilesystemIOManager...
[32m2026-01-16 18:43:49 -0700[0m - dagster - [34mDEBUG[0m - caiso_full_sweep_job - fdf90295-c759-4c0c-b12a-71dc72ea531e - 99562 - build_metrics_daily - HANDLED_OUTPUT - Handled output "result" using IO manager "io_manager"
[32m2026-01-16 18:43:49 -0700[0m - dagster - [34mDEBUG[0m - caiso_full_sweep_job - fdf90295-c759-4c0c-b12a-71dc72ea531e - 99562 - build_metrics_daily - STEP_SUCCESS - Finished execution of step "build_metrics_daily" in 597ms.
