[32m2026-01-16 18:43:46 -0700[0m - dagster - [34mDEBUG[0m - caiso_full_sweep_job - fdf90295-c759-4c0c-b12a-71dc72ea531e - 99328 - LOGS_CAPTURED - Started capturing logs in process (pid: 99328).
[32m2026-01-16 18:43:46 -0700[0m - dagster - [34mDEBUG[0m - caiso_full_sweep_job - fdf90295-c759-4c0c-b12a-71dc72ea531e - 99328 - build_metrics_backfill - STEP_START - Started execution of step "build_metrics_backfill".
[32m2026-01-16 18:43:46 -0700[0m - dagster - [34mDEBUG[0m - caiso_full_sweep_job - fdf90295-c759-4c0c-b12a-71dc72ea531e - build_metrics_backfill - Loading file from: /home/birajdar/Downloads/Nira-Energy/nira-project/iso-onboarding-toolkit/.tmp_dagster_home_r5cweh1d/storage/fdf90295-c759-4c0c-b12a-71dc72ea531e/normalize_backfill/normalized using PickledObjectFilesystemIOManager...
[32m2026-01-16 18:43:46 -0700[0m - dagster - [34mDEBUG[0m - caiso_full_sweep_job - fdf90295-c759-4c0c-b12a-71dc72ea531e - 99328 - build_metrics_backfill - LOADED_INPUT - Loaded input "normalized" using input manager "io_manager", from output "normalized" of step "normalize_backfill"
[32m2026-01-16 18:43:46 -0700[0m - dagster - [34mDEBUG[0m - caiso_full_sweep_job - fdf90295-c759-4c0c-b12a-71dc72ea531e - build_metrics_backfill - Loading file from: /home/birajdar/Downloads/Nira-Energy/nira-project/iso-onboarding-toolkit/.tmp_dagster_home_r5cweh1d/storage/fdf90295-c759-4c0c-b12a-71dc72ea531e/normalize_backfill/day_info using PickledObjectFilesystemIOManager...
[32m2026-01-16 18:43:46 -0700[0m - dagster - [34mDEBUG[0m - caiso_full_sweep_job - fdf90295-c759-4c0c-b12a-71dc72ea531e - 99328 - build_metrics_backfill - LOADED_INPUT - Loaded input "day_info" using input manager "io_manager", from output "day_info" of step "normalize_backfill"
[32m2026-01-16 18:43:46 -0700[0m - dagster - [34mDEBUG[0m - caiso_full_sweep_job - fdf90295-c759-4c0c-b12a-71dc72ea531e - build_metrics_backfill - Loading file from: /home/birajdar/Downloads/Nira-Energy/nira-project/iso-onboarding-toolkit/.tmp_dagster_home_r5cweh1d/storage/fdf90295-c759-4c0c-b12a-71dc72ea531e/completeness_backfill/metrics using PickledObjectFilesystemIOManager...
[32m2026-01-16 18:43:46 -0700[0m - dagster - [34mDEBUG[0m - caiso_full_sweep_job - fdf90295-c759-4c0c-b12a-71dc72ea531e - 99328 - build_metrics_backfill - LOADED_INPUT - Loaded input "completeness_metrics" using input manager "io_manager", from output "metrics" of step "completeness_backfill"
[32m2026-01-16 18:43:46 -0700[0m - dagster - [34mDEBUG[0m - caiso_full_sweep_job - fdf90295-c759-4c0c-b12a-71dc72ea531e - build_metrics_backfill - Loading file from: /home/birajdar/Downloads/Nira-Energy/nira-project/iso-onboarding-toolkit/.tmp_dagster_home_r5cweh1d/storage/fdf90295-c759-4c0c-b12a-71dc72ea531e/consistency_backfill/metrics using PickledObjectFilesystemIOManager...
[32m2026-01-16 18:43:46 -0700[0m - dagster - [34mDEBUG[0m - caiso_full_sweep_job - fdf90295-c759-4c0c-b12a-71dc72ea531e - 99328 - build_metrics_backfill - LOADED_INPUT - Loaded input "consistency_metrics" using input manager "io_manager", from output "metrics" of step "consistency_backfill"
[32m2026-01-16 18:43:46 -0700[0m - dagster - [34mDEBUG[0m - caiso_full_sweep_job - fdf90295-c759-4c0c-b12a-71dc72ea531e - build_metrics_backfill - Loading file from: /home/birajdar/Downloads/Nira-Energy/nira-project/iso-onboarding-toolkit/.tmp_dagster_home_r5cweh1d/storage/fdf90295-c759-4c0c-b12a-71dc72ea531e/sanity_backfill/metrics using PickledObjectFilesystemIOManager...
[32m2026-01-16 18:43:46 -0700[0m - dagster - [34mDEBUG[0m - caiso_full_sweep_job - fdf90295-c759-4c0c-b12a-71dc72ea531e - 99328 - build_metrics_backfill - LOADED_INPUT - Loaded input "sanity_metrics" using input manager "io_manager", from output "metrics" of step "sanity_backfill"
[32m2026-01-16 18:43:46 -0700[0m - dagster - [34mDEBUG[0m - caiso_full_sweep_job - fdf90295-c759-4c0c-b12a-71dc72ea531e - 99328 - build_metrics_backfill - STEP_INPUT - Got input "normalized" of type "Any". (Type check passed).
[32m2026-01-16 18:43:46 -0700[0m - dagster - [34mDEBUG[0m - caiso_full_sweep_job - fdf90295-c759-4c0c-b12a-71dc72ea531e - 99328 - build_metrics_backfill - STEP_INPUT - Got input "day_info" of type "Any". (Type check passed).
[32m2026-01-16 18:43:46 -0700[0m - dagster - [34mDEBUG[0m - caiso_full_sweep_job - fdf90295-c759-4c0c-b12a-71dc72ea531e - 99328 - build_metrics_backfill - STEP_INPUT - Got input "completeness_metrics" of type "Any". (Type check passed).
[32m2026-01-16 18:43:46 -0700[0m - dagster - [34mDEBUG[0m - caiso_full_sweep_job - fdf90295-c759-4c0c-b12a-71dc72ea531e - 99328 - build_metrics_backfill - STEP_INPUT - Got input "consistency_metrics" of type "Any". (Type check passed).
[32m2026-01-16 18:43:46 -0700[0m - dagster - [34mDEBUG[0m - caiso_full_sweep_job - fdf90295-c759-4c0c-b12a-71dc72ea531e - 99328 - build_metrics_backfill - STEP_INPUT - Got input "sanity_metrics" of type "Any". (Type check passed).
[32m2026-01-16 18:43:46 -0700[0m - dagster - [34mDEBUG[0m - caiso_full_sweep_job - fdf90295-c759-4c0c-b12a-71dc72ea531e - 99328 - build_metrics_backfill - STEP_OUTPUT - Yielded output "result" of type "Any". (Type check passed).
[32m2026-01-16 18:43:46 -0700[0m - dagster - [34mDEBUG[0m - caiso_full_sweep_job - fdf90295-c759-4c0c-b12a-71dc72ea531e - build_metrics_backfill - Writing file at: /home/birajdar/Downloads/Nira-Energy/nira-project/iso-onboarding-toolkit/.tmp_dagster_home_r5cweh1d/storage/fdf90295-c759-4c0c-b12a-71dc72ea531e/build_metrics_backfill/result using PickledObjectFilesystemIOManager...
[32m2026-01-16 18:43:46 -0700[0m - dagster - [34mDEBUG[0m - caiso_full_sweep_job - fdf90295-c759-4c0c-b12a-71dc72ea531e - 99328 - build_metrics_backfill - HANDLED_OUTPUT - Handled output "result" using IO manager "io_manager"
[32m2026-01-16 18:43:46 -0700[0m - dagster - [34mDEBUG[0m - caiso_full_sweep_job - fdf90295-c759-4c0c-b12a-71dc72ea531e - 99328 - build_metrics_backfill - STEP_SUCCESS - Finished execution of step "build_metrics_backfill" in 564ms.
