[32m2026-01-16 18:44:07 -0700[0m - dagster - [34mDEBUG[0m - caiso_full_sweep_job - 2eaeee4d-e759-4fa6-971d-3b5d94538dba - 101333 - LOGS_CAPTURED - Started capturing logs in process (pid: 101333).
[32m2026-01-16 18:44:07 -0700[0m - dagster - [34mDEBUG[0m - caiso_full_sweep_job - 2eaeee4d-e759-4fa6-971d-3b5d94538dba - 101333 - build_metrics_monthly - STEP_START - Started execution of step "build_metrics_monthly".
[32m2026-01-16 18:44:07 -0700[0m - dagster - [34mDEBUG[0m - caiso_full_sweep_job - 2eaeee4d-e759-4fa6-971d-3b5d94538dba - build_metrics_monthly - Loading file from: /home/birajdar/Downloads/Nira-Energy/nira-project/iso-onboarding-toolkit/.tmp_dagster_home_r5cweh1d/storage/2eaeee4d-e759-4fa6-971d-3b5d94538dba/normalize_monthly/normalized using PickledObjectFilesystemIOManager...
[32m2026-01-16 18:44:07 -0700[0m - dagster - [34mDEBUG[0m - caiso_full_sweep_job - 2eaeee4d-e759-4fa6-971d-3b5d94538dba - 101333 - build_metrics_monthly - LOADED_INPUT - Loaded input "normalized" using input manager "io_manager", from output "normalized" of step "normalize_monthly"
[32m2026-01-16 18:44:07 -0700[0m - dagster - [34mDEBUG[0m - caiso_full_sweep_job - 2eaeee4d-e759-4fa6-971d-3b5d94538dba - build_metrics_monthly - Loading file from: /home/birajdar/Downloads/Nira-Energy/nira-project/iso-onboarding-toolkit/.tmp_dagster_home_r5cweh1d/storage/2eaeee4d-e759-4fa6-971d-3b5d94538dba/normalize_monthly/day_info using PickledObjectFilesystemIOManager...
[32m2026-01-16 18:44:07 -0700[0m - dagster - [34mDEBUG[0m - caiso_full_sweep_job - 2eaeee4d-e759-4fa6-971d-3b5d94538dba - 101333 - build_metrics_monthly - LOADED_INPUT - Loaded input "day_info" using input manager "io_manager", from output "day_info" of step "normalize_monthly"
[32m2026-01-16 18:44:07 -0700[0m - dagster - [34mDEBUG[0m - caiso_full_sweep_job - 2eaeee4d-e759-4fa6-971d-3b5d94538dba - build_metrics_monthly - Loading file from: /home/birajdar/Downloads/Nira-Energy/nira-project/iso-onboarding-toolkit/.tmp_dagster_home_r5cweh1d/storage/2eaeee4d-e759-4fa6-971d-3b5d94538dba/completeness_monthly/metrics using PickledObjectFilesystemIOManager...
[32m2026-01-16 18:44:07 -0700[0m - dagster - [34mDEBUG[0m - caiso_full_sweep_job - 2eaeee4d-e759-4fa6-971d-3b5d94538dba - 101333 - build_metrics_monthly - LOADED_INPUT - Loaded input "completeness_metrics" using input manager "io_manager", from output "metrics" of step "completeness_monthly"
[32m2026-01-16 18:44:07 -0700[0m - dagster - [34mDEBUG[0m - caiso_full_sweep_job - 2eaeee4d-e759-4fa6-971d-3b5d94538dba - build_metrics_monthly - Loading file from: /home/birajdar/Downloads/Nira-Energy/nira-project/iso-onboarding-toolkit/.tmp_dagster_home_r5cweh1d/storage/2eaeee4d-e759-4fa6-971d-3b5d94538dba/consistency_monthly/metrics using PickledObjectFilesystemIOManager...
[32m2026-01-16 18:44:07 -0700[0m - dagster - [34mDEBUG[0m - caiso_full_sweep_job - 2eaeee4d-e759-4fa6-971d-3b5d94538dba - 101333 - build_metrics_monthly - LOADED_INPUT - Loaded input "consistency_metrics" using input manager "io_manager", from output "metrics" of step "consistency_monthly"
[32m2026-01-16 18:44:07 -0700[0m - dagster - [34mDEBUG[0m - caiso_full_sweep_job - 2eaeee4d-e759-4fa6-971d-3b5d94538dba - build_metrics_monthly - Loading file from: /home/birajdar/Downloads/Nira-Energy/nira-project/iso-onboarding-toolkit/.tmp_dagster_home_r5cweh1d/storage/2eaeee4d-e759-4fa6-971d-3b5d94538dba/sanity_monthly/metrics using PickledObjectFilesystemIOManager...
[32m2026-01-16 18:44:08 -0700[0m - dagster - [34mDEBUG[0m - caiso_full_sweep_job - 2eaeee4d-e759-4fa6-971d-3b5d94538dba - 101333 - build_metrics_monthly - LOADED_INPUT - Loaded input "sanity_metrics" using input manager "io_manager", from output "metrics" of step "sanity_monthly"
[32m2026-01-16 18:44:08 -0700[0m - dagster - [34mDEBUG[0m - caiso_full_sweep_job - 2eaeee4d-e759-4fa6-971d-3b5d94538dba - 101333 - build_metrics_monthly - STEP_INPUT - Got input "normalized" of type "Any". (Type check passed).
[32m2026-01-16 18:44:08 -0700[0m - dagster - [34mDEBUG[0m - caiso_full_sweep_job - 2eaeee4d-e759-4fa6-971d-3b5d94538dba - 101333 - build_metrics_monthly - STEP_INPUT - Got input "day_info" of type "Any". (Type check passed).
[32m2026-01-16 18:44:08 -0700[0m - dagster - [34mDEBUG[0m - caiso_full_sweep_job - 2eaeee4d-e759-4fa6-971d-3b5d94538dba - 101333 - build_metrics_monthly - STEP_INPUT - Got input "completeness_metrics" of type "Any". (Type check passed).
[32m2026-01-16 18:44:08 -0700[0m - dagster - [34mDEBUG[0m - caiso_full_sweep_job - 2eaeee4d-e759-4fa6-971d-3b5d94538dba - 101333 - build_metrics_monthly - STEP_INPUT - Got input "consistency_metrics" of type "Any". (Type check passed).
[32m2026-01-16 18:44:08 -0700[0m - dagster - [34mDEBUG[0m - caiso_full_sweep_job - 2eaeee4d-e759-4fa6-971d-3b5d94538dba - 101333 - build_metrics_monthly - STEP_INPUT - Got input "sanity_metrics" of type "Any". (Type check passed).
[32m2026-01-16 18:44:08 -0700[0m - dagster - [34mDEBUG[0m - caiso_full_sweep_job - 2eaeee4d-e759-4fa6-971d-3b5d94538dba - 101333 - build_metrics_monthly - STEP_OUTPUT - Yielded output "result" of type "Any". (Type check passed).
[32m2026-01-16 18:44:08 -0700[0m - dagster - [34mDEBUG[0m - caiso_full_sweep_job - 2eaeee4d-e759-4fa6-971d-3b5d94538dba - build_metrics_monthly - Writing file at: /home/birajdar/Downloads/Nira-Energy/nira-project/iso-onboarding-toolkit/.tmp_dagster_home_r5cweh1d/storage/2eaeee4d-e759-4fa6-971d-3b5d94538dba/build_metrics_monthly/result using PickledObjectFilesystemIOManager...
[32m2026-01-16 18:44:08 -0700[0m - dagster - [34mDEBUG[0m - caiso_full_sweep_job - 2eaeee4d-e759-4fa6-971d-3b5d94538dba - 101333 - build_metrics_monthly - HANDLED_OUTPUT - Handled output "result" using IO manager "io_manager"
[32m2026-01-16 18:44:08 -0700[0m - dagster - [34mDEBUG[0m - caiso_full_sweep_job - 2eaeee4d-e759-4fa6-971d-3b5d94538dba - 101333 - build_metrics_monthly - STEP_SUCCESS - Finished execution of step "build_metrics_monthly" in 557ms.
