[32m2026-01-16 18:44:16 -0700[0m - dagster - [34mDEBUG[0m - caiso_full_sweep_job - 2eaeee4d-e759-4fa6-971d-3b5d94538dba - 102056 - LOGS_CAPTURED - Started capturing logs in process (pid: 102056).
[32m2026-01-16 18:44:16 -0700[0m - dagster - [34mDEBUG[0m - caiso_full_sweep_job - 2eaeee4d-e759-4fa6-971d-3b5d94538dba - 102056 - report_backfill - STEP_START - Started execution of step "report_backfill".
[32m2026-01-16 18:44:16 -0700[0m - dagster - [34mDEBUG[0m - caiso_full_sweep_job - 2eaeee4d-e759-4fa6-971d-3b5d94538dba - report_backfill - Loading file from: /home/birajdar/Downloads/Nira-Energy/nira-project/iso-onboarding-toolkit/.tmp_dagster_home_r5cweh1d/storage/2eaeee4d-e759-4fa6-971d-3b5d94538dba/load_config_backfill/result using PickledObjectFilesystemIOManager...
[32m2026-01-16 18:44:16 -0700[0m - dagster - [34mDEBUG[0m - caiso_full_sweep_job - 2eaeee4d-e759-4fa6-971d-3b5d94538dba - 102056 - report_backfill - LOADED_INPUT - Loaded input "cfg" using input manager "io_manager", from output "result" of step "load_config_backfill"
[32m2026-01-16 18:44:16 -0700[0m - dagster - [34mDEBUG[0m - caiso_full_sweep_job - 2eaeee4d-e759-4fa6-971d-3b5d94538dba - report_backfill - Loading file from: /home/birajdar/Downloads/Nira-Energy/nira-project/iso-onboarding-toolkit/.tmp_dagster_home_r5cweh1d/storage/2eaeee4d-e759-4fa6-971d-3b5d94538dba/aggregate_issues_backfill/result using PickledObjectFilesystemIOManager...
[32m2026-01-16 18:44:16 -0700[0m - dagster - [34mDEBUG[0m - caiso_full_sweep_job - 2eaeee4d-e759-4fa6-971d-3b5d94538dba - 102056 - report_backfill - LOADED_INPUT - Loaded input "issues" using input manager "io_manager", from output "result" of step "aggregate_issues_backfill"
[32m2026-01-16 18:44:16 -0700[0m - dagster - [34mDEBUG[0m - caiso_full_sweep_job - 2eaeee4d-e759-4fa6-971d-3b5d94538dba - report_backfill - Loading file from: /home/birajdar/Downloads/Nira-Energy/nira-project/iso-onboarding-toolkit/.tmp_dagster_home_r5cweh1d/storage/2eaeee4d-e759-4fa6-971d-3b5d94538dba/build_metrics_backfill/result using PickledObjectFilesystemIOManager...
[32m2026-01-16 18:44:16 -0700[0m - dagster - [34mDEBUG[0m - caiso_full_sweep_job - 2eaeee4d-e759-4fa6-971d-3b5d94538dba - 102056 - report_backfill - LOADED_INPUT - Loaded input "metrics" using input manager "io_manager", from output "result" of step "build_metrics_backfill"
[32m2026-01-16 18:44:16 -0700[0m - dagster - [34mDEBUG[0m - caiso_full_sweep_job - 2eaeee4d-e759-4fa6-971d-3b5d94538dba - report_backfill - Loading file from: /home/birajdar/Downloads/Nira-Energy/nira-project/iso-onboarding-toolkit/.tmp_dagster_home_r5cweh1d/storage/2eaeee4d-e759-4fa6-971d-3b5d94538dba/trust_backfill/result using PickledObjectFilesystemIOManager...
[32m2026-01-16 18:44:16 -0700[0m - dagster - [34mDEBUG[0m - caiso_full_sweep_job - 2eaeee4d-e759-4fa6-971d-3b5d94538dba - 102056 - report_backfill - LOADED_INPUT - Loaded input "trust" using input manager "io_manager", from output "result" of step "trust_backfill"
[32m2026-01-16 18:44:16 -0700[0m - dagster - [34mDEBUG[0m - caiso_full_sweep_job - 2eaeee4d-e759-4fa6-971d-3b5d94538dba - report_backfill - Loading file from: /home/birajdar/Downloads/Nira-Energy/nira-project/iso-onboarding-toolkit/.tmp_dagster_home_r5cweh1d/storage/2eaeee4d-e759-4fa6-971d-3b5d94538dba/resolve_inputs_backfill/result using PickledObjectFilesystemIOManager...
[32m2026-01-16 18:44:16 -0700[0m - dagster - [34mDEBUG[0m - caiso_full_sweep_job - 2eaeee4d-e759-4fa6-971d-3b5d94538dba - 102056 - report_backfill - LOADED_INPUT - Loaded input "input_files" using input manager "io_manager", from output "result" of step "resolve_inputs_backfill"
[32m2026-01-16 18:44:16 -0700[0m - dagster - [34mDEBUG[0m - caiso_full_sweep_job - 2eaeee4d-e759-4fa6-971d-3b5d94538dba - 102056 - report_backfill - STEP_INPUT - Got input "cfg" of type "Any". (Type check passed).
[32m2026-01-16 18:44:16 -0700[0m - dagster - [34mDEBUG[0m - caiso_full_sweep_job - 2eaeee4d-e759-4fa6-971d-3b5d94538dba - 102056 - report_backfill - STEP_INPUT - Got input "issues" of type "Any". (Type check passed).
[32m2026-01-16 18:44:16 -0700[0m - dagster - [34mDEBUG[0m - caiso_full_sweep_job - 2eaeee4d-e759-4fa6-971d-3b5d94538dba - 102056 - report_backfill - STEP_INPUT - Got input "metrics" of type "Any". (Type check passed).
[32m2026-01-16 18:44:16 -0700[0m - dagster - [34mDEBUG[0m - caiso_full_sweep_job - 2eaeee4d-e759-4fa6-971d-3b5d94538dba - 102056 - report_backfill - STEP_INPUT - Got input "trust" of type "Any". (Type check passed).
[32m2026-01-16 18:44:16 -0700[0m - dagster - [34mDEBUG[0m - caiso_full_sweep_job - 2eaeee4d-e759-4fa6-971d-3b5d94538dba - 102056 - report_backfill - STEP_INPUT - Got input "input_files" of type "Any". (Type check passed).
[32m2026-01-16 18:44:17 -0700[0m - dagster - [34mDEBUG[0m - caiso_full_sweep_job - 2eaeee4d-e759-4fa6-971d-3b5d94538dba - 102056 - report_backfill - STEP_OUTPUT - Yielded output "result" of type "Any". (Type check passed).
[32m2026-01-16 18:44:17 -0700[0m - dagster - [34mDEBUG[0m - caiso_full_sweep_job - 2eaeee4d-e759-4fa6-971d-3b5d94538dba - report_backfill - Writing file at: /home/birajdar/Downloads/Nira-Energy/nira-project/iso-onboarding-toolkit/.tmp_dagster_home_r5cweh1d/storage/2eaeee4d-e759-4fa6-971d-3b5d94538dba/report_backfill/result using PickledObjectFilesystemIOManager...
[32m2026-01-16 18:44:17 -0700[0m - dagster - [34mDEBUG[0m - caiso_full_sweep_job - 2eaeee4d-e759-4fa6-971d-3b5d94538dba - 102056 - report_backfill - HANDLED_OUTPUT - Handled output "result" using IO manager "io_manager"
[32m2026-01-16 18:44:17 -0700[0m - dagster - [34mDEBUG[0m - caiso_full_sweep_job - 2eaeee4d-e759-4fa6-971d-3b5d94538dba - 102056 - report_backfill - STEP_SUCCESS - Finished execution of step "report_backfill" in 350ms.
